<?xml version="1.0" encoding="UTF-8"?>
<testng-results ignored="6" total="9" passed="2" failed="1" skipped="0">
  <reporter-output>
  </reporter-output>
  <suite started-at="2023-10-11T21:03:18 IST" name="ExtentReports" finished-at="2023-10-11T21:03:29 IST" duration-ms="10322">
    <groups>
    </groups>
    <test started-at="2023-10-11T21:03:18 IST" name="Test WikiPage" finished-at="2023-10-11T21:03:24 IST" duration-ms="5712">
      <class name="com.app.TestNG.ExtentReports.TestClass">
        <test-method is-config="true" signature="openBrowser(org.testng.ITestContext)[pri:0, instance:com.app.TestNG.ExtentReports.TestClass@2e6a8155]" started-at="2023-10-11T21:03:18 IST" name="openBrowser" finished-at="2023-10-11T21:03:21 IST" duration-ms="2620" status="PASS">
          <params>
            <param index="0">
              <value>
                <![CDATA[org.testng.TestRunner@152c4495]]>
              </value>
            </param>
          </params>
          <reporter-output>
          </reporter-output>
        </test-method> <!-- openBrowser -->
        <test-method signature="method()[pri:0, instance:com.app.TestNG.ExtentReports.TestClass@2e6a8155]" started-at="2023-10-11T21:03:21 IST" name="method" finished-at="2023-10-11T21:03:24 IST" duration-ms="2953" status="FAIL">
          <exception class="java.lang.AssertionError">
            <message>
              <![CDATA[They donot match expected [Wiki Login] but found [Create account - Wikipedia]]]>
            </message>
            <full-stacktrace>
              <![CDATA[java.lang.AssertionError: They donot match expected [Wiki Login] but found [Create account - Wikipedia]
at org.testng.Assert.fail(Assert.java:99)
at org.testng.Assert.failNotEquals(Assert.java:1037)
at org.testng.Assert.assertEqualsImpl(Assert.java:140)
at org.testng.Assert.assertEquals(Assert.java:122)
at org.testng.Assert.assertEquals(Assert.java:629)
at com.app.TestNG.ExtentReports.TestClass.method(TestClass.java:20)
at java.base/jdk.internal.reflect.NativeMethodAccessorImpl.invoke0(Native Method)
at java.base/jdk.internal.reflect.NativeMethodAccessorImpl.invoke(NativeMethodAccessorImpl.java:77)
at java.base/jdk.internal.reflect.DelegatingMethodAccessorImpl.invoke(DelegatingMethodAccessorImpl.java:43)
at java.base/java.lang.reflect.Method.invoke(Method.java:568)
at org.testng.internal.MethodInvocationHelper.invokeMethod(MethodInvocationHelper.java:133)
at org.testng.internal.TestInvoker.invokeMethod(TestInvoker.java:598)
at org.testng.internal.TestInvoker.invokeTestMethod(TestInvoker.java:173)
at org.testng.internal.MethodRunner.runInSequence(MethodRunner.java:46)
at org.testng.internal.TestInvoker$MethodInvocationAgent.invoke(TestInvoker.java:824)
at org.testng.internal.TestInvoker.invokeTestMethods(TestInvoker.java:146)
at org.testng.internal.TestMethodWorker.invokeTestMethods(TestMethodWorker.java:146)
at org.testng.internal.TestMethodWorker.run(TestMethodWorker.java:128)
at java.base/java.util.ArrayList.forEach(ArrayList.java:1511)
at org.testng.TestRunner.privateRun(TestRunner.java:794)
at org.testng.TestRunner.run(TestRunner.java:596)
at org.testng.SuiteRunner.runTest(SuiteRunner.java:377)
at org.testng.SuiteRunner.runSequentially(SuiteRunner.java:371)
at org.testng.SuiteRunner.privateRun(SuiteRunner.java:332)
at org.testng.SuiteRunner.run(SuiteRunner.java:276)
at org.testng.SuiteRunnerWorker.runSuite(SuiteRunnerWorker.java:53)
at org.testng.SuiteRunnerWorker.run(SuiteRunnerWorker.java:96)
at org.testng.TestNG.runSuitesSequentially(TestNG.java:1212)
at org.testng.TestNG.runSuitesLocally(TestNG.java:1134)
at org.testng.TestNG.runSuites(TestNG.java:1063)
at org.testng.TestNG.run(TestNG.java:1031)
at org.testng.remote.AbstractRemoteTestNG.run(AbstractRemoteTestNG.java:115)
at org.testng.remote.RemoteTestNG.initAndRun(RemoteTestNG.java:251)
at org.testng.remote.RemoteTestNG.main(RemoteTestNG.java:77)
]]>
            </full-stacktrace>
          </exception> <!-- java.lang.AssertionError -->
          <reporter-output>
          </reporter-output>
        </test-method> <!-- method -->
        <test-method is-config="true" signature="generateTestStatus(java.lang.reflect.Method,org.testng.ITestResult)[pri:0, instance:com.app.TestNG.ExtentReports.TestClass@2e6a8155]" started-at="2023-10-11T21:03:24 IST" name="generateTestStatus" finished-at="2023-10-11T21:03:24 IST" duration-ms="5" status="PASS">
          <params>
            <param index="0">
              <value>
                <![CDATA[public void com.app.TestNG.ExtentReports.TestClass.method() throws java.lang.InterruptedException]]>
              </value>
            </param>
            <param index="1">
              <value>
                <![CDATA[[TestResult name=method status=FAILURE method=TestClass.method()[pri:0, instance:com.app.TestNG.ExtentReports.TestClass@2e6a8155] output={null}]]]>
              </value>
            </param>
          </params>
          <reporter-output>
          </reporter-output>
        </test-method> <!-- generateTestStatus -->
        <test-method is-config="true" signature="closebrowser()[pri:0, instance:com.app.TestNG.ExtentReports.TestClass@2e6a8155]" started-at="2023-10-11T21:03:24 IST" name="closebrowser" finished-at="2023-10-11T21:03:24 IST" duration-ms="116" status="PASS">
          <reporter-output>
          </reporter-output>
        </test-method> <!-- closebrowser -->
      </class> <!-- com.app.TestNG.ExtentReports.TestClass -->
    </test> <!-- Test WikiPage -->
    <test started-at="2023-10-11T21:03:24 IST" name="Test facebookpage" finished-at="2023-10-11T21:03:26 IST" duration-ms="1914">
      <class name="com.app.TestNG.ExtentReports.TestClass">
        <test-method is-config="true" signature="openBrowser(org.testng.ITestContext)[pri:0, instance:com.app.TestNG.ExtentReports.TestClass@7d0b7e3c]" started-at="2023-10-11T21:03:24 IST" name="openBrowser" finished-at="2023-10-11T21:03:25 IST" duration-ms="948" status="PASS">
          <params>
            <param index="0">
              <value>
                <![CDATA[org.testng.TestRunner@68dd39d2]]>
              </value>
            </param>
          </params>
          <reporter-output>
          </reporter-output>
        </test-method> <!-- openBrowser -->
        <test-method signature="method2()[pri:0, instance:com.app.TestNG.ExtentReports.TestClass@7d0b7e3c]" started-at="2023-10-11T21:03:25 IST" name="method2" finished-at="2023-10-11T21:03:26 IST" duration-ms="834" status="PASS">
          <reporter-output>
          </reporter-output>
        </test-method> <!-- method2 -->
        <test-method is-config="true" signature="generateTestStatus(java.lang.reflect.Method,org.testng.ITestResult)[pri:0, instance:com.app.TestNG.ExtentReports.TestClass@7d0b7e3c]" started-at="2023-10-11T21:03:26 IST" name="generateTestStatus" finished-at="2023-10-11T21:03:26 IST" duration-ms="0" status="PASS">
          <params>
            <param index="0">
              <value>
                <![CDATA[public void com.app.TestNG.ExtentReports.TestClass.method2()]]>
              </value>
            </param>
            <param index="1">
              <value>
                <![CDATA[[TestResult name=method2 status=SUCCESS method=TestClass.method2()[pri:0, instance:com.app.TestNG.ExtentReports.TestClass@7d0b7e3c] output={null}]]]>
              </value>
            </param>
          </params>
          <reporter-output>
          </reporter-output>
        </test-method> <!-- generateTestStatus -->
        <test-method is-config="true" signature="closebrowser()[pri:0, instance:com.app.TestNG.ExtentReports.TestClass@7d0b7e3c]" started-at="2023-10-11T21:03:26 IST" name="closebrowser" finished-at="2023-10-11T21:03:26 IST" duration-ms="131" status="PASS">
          <reporter-output>
          </reporter-output>
        </test-method> <!-- closebrowser -->
      </class> <!-- com.app.TestNG.ExtentReports.TestClass -->
    </test> <!-- Test facebookpage -->
    <test started-at="2023-10-11T21:03:26 IST" name="Test rediffPage" finished-at="2023-10-11T21:03:29 IST" duration-ms="2655">
      <class name="com.app.TestNG.ExtentReports.TestClass">
        <test-method is-config="true" signature="initializeExtentReport()[pri:0, instance:com.app.TestNG.ExtentReports.TestClass@7674f035]" started-at="2023-10-11T21:03:18 IST" name="initializeExtentReport" finished-at="2023-10-11T21:03:18 IST" duration-ms="190" status="PASS">
          <reporter-output>
          </reporter-output>
        </test-method> <!-- initializeExtentReport -->
        <test-method is-config="true" signature="openBrowser(org.testng.ITestContext)[pri:0, instance:com.app.TestNG.ExtentReports.TestClass@7674f035]" started-at="2023-10-11T21:03:26 IST" name="openBrowser" finished-at="2023-10-11T21:03:27 IST" duration-ms="950" status="PASS">
          <params>
            <param index="0">
              <value>
                <![CDATA[org.testng.TestRunner@4a44cfc0]]>
              </value>
            </param>
          </params>
          <reporter-output>
          </reporter-output>
        </test-method> <!-- openBrowser -->
        <test-method signature="method3()[pri:0, instance:com.app.TestNG.ExtentReports.TestClass@7674f035]" started-at="2023-10-11T21:03:27 IST" name="method3" finished-at="2023-10-11T21:03:28 IST" duration-ms="1582" status="PASS">
          <reporter-output>
          </reporter-output>
        </test-method> <!-- method3 -->
        <test-method is-config="true" signature="closebrowser()[pri:0, instance:com.app.TestNG.ExtentReports.TestClass@7674f035]" started-at="2023-10-11T21:03:28 IST" name="closebrowser" finished-at="2023-10-11T21:03:29 IST" duration-ms="123" status="PASS">
          <reporter-output>
          </reporter-output>
        </test-method> <!-- closebrowser -->
        <test-method is-config="true" signature="generateTestStatus(java.lang.reflect.Method,org.testng.ITestResult)[pri:0, instance:com.app.TestNG.ExtentReports.TestClass@7674f035]" started-at="2023-10-11T21:03:28 IST" name="generateTestStatus" finished-at="2023-10-11T21:03:28 IST" duration-ms="0" status="PASS">
          <params>
            <param index="0">
              <value>
                <![CDATA[public void com.app.TestNG.ExtentReports.TestClass.method3()]]>
              </value>
            </param>
            <param index="1">
              <value>
                <![CDATA[[TestResult name=method3 status=SUCCESS method=TestClass.method3()[pri:0, instance:com.app.TestNG.ExtentReports.TestClass@7674f035] output={null}]]]>
              </value>
            </param>
          </params>
          <reporter-output>
          </reporter-output>
        </test-method> <!-- generateTestStatus -->
        <test-method is-config="true" signature="generatereport()[pri:0, instance:com.app.TestNG.ExtentReports.TestClass@7674f035]" started-at="2023-10-11T21:03:29 IST" name="generatereport" finished-at="2023-10-11T21:03:29 IST" duration-ms="468" status="PASS">
          <reporter-output>
          </reporter-output>
        </test-method> <!-- generatereport -->
      </class> <!-- com.app.TestNG.ExtentReports.TestClass -->
    </test> <!-- Test rediffPage -->
  </suite> <!-- ExtentReports -->
</testng-results>
